<?xml version="1.0" encoding="UTF-8"?>
<!-- Generated by org.testng.reporters.JUnitXMLReporter -->
<testsuite ignored="0" hostname="DESKTOP-HQCGQA1" failures="0" tests="3" name="Surefire test" time="122.874" errors="0" timestamp="2024-06-14T16:59:25 WAT">
  <testcase classname="com.hackseo.app.testcases.AjouterSiteTest" name="addsite" time="60.99"/>
  <testcase classname="com.hackseo.app.testcases.LoginTest" name="ConnecteLoginAvecEmailEtPassword" time="26.975"/>
  <testcase classname="com.hackseo.app.testcases.LoginTest" name="ForgetPasword" time="17.946"/>
</testsuite> <!-- Surefire test -->
