<?xml version="1.0" encoding="UTF-8"?>
<!-- Generated by org.testng.reporters.JUnitXMLReporter -->
<testsuite ignored="0" hostname="DESKTOP-HQCGQA1" failures="0" tests="2" name="Default test" time="28.498" errors="0" timestamp="2024-06-14T09:51:08 WAT">
  <testcase classname="com.hackseo.app.testcases.LoginTest" name="ConnecteLoginAvecEmailEtPassword" time="10.127"/>
  <testcase classname="com.hackseo.app.testcases.LoginTest" name="ForgetPasword" time="7.934"/>
</testsuite> <!-- Default test -->
