<?xml version="1.0" encoding="UTF-8"?>
<testng-results ignored="0" total="3" passed="3" failed="0" skipped="0">
  <reporter-output>
  </reporter-output>
  <suite started-at="2024-06-14T16:57:22 WAT" name="Surefire suite" finished-at="2024-06-14T16:59:25 WAT" duration-ms="122874">
    <groups>
    </groups>
    <test started-at="2024-06-14T16:57:22 WAT" name="Surefire test" finished-at="2024-06-14T16:59:25 WAT" duration-ms="122874">
      <class name="com.hackseo.app.testcases.LoginTest">
        <test-method is-config="true" signature="setup()[pri:0, instance:com.hackseo.app.testcases.LoginTest@6e01f9b0]" started-at="2024-06-14T16:58:33 WAT" name="setup" finished-at="2024-06-14T16:58:36 WAT" duration-ms="2361" status="PASS">
          <reporter-output>
          </reporter-output>
        </test-method> <!-- setup -->
        <test-method signature="ConnecteLoginAvecEmailEtPassword()[pri:0, instance:com.hackseo.app.testcases.LoginTest@6e01f9b0]" started-at="2024-06-14T16:58:36 WAT" name="ConnecteLoginAvecEmailEtPassword" description="Connecté avec Login et Mot De Passe" finished-at="2024-06-14T16:59:02 WAT" duration-ms="26975" status="PASS">
          <reporter-output>
          </reporter-output>
        </test-method> <!-- ConnecteLoginAvecEmailEtPassword -->
        <test-method is-config="true" signature="teardown()[pri:0, instance:com.hackseo.app.testcases.LoginTest@6e01f9b0]" started-at="2024-06-14T16:59:02 WAT" name="teardown" finished-at="2024-06-14T16:59:04 WAT" duration-ms="1381" status="PASS">
          <reporter-output>
          </reporter-output>
        </test-method> <!-- teardown -->
        <test-method is-config="true" signature="setup()[pri:0, instance:com.hackseo.app.testcases.LoginTest@6e01f9b0]" started-at="2024-06-14T16:59:04 WAT" name="setup" finished-at="2024-06-14T16:59:06 WAT" duration-ms="2151" status="PASS">
          <reporter-output>
          </reporter-output>
        </test-method> <!-- setup -->
        <test-method signature="ForgetPasword()[pri:0, instance:com.hackseo.app.testcases.LoginTest@6e01f9b0]" started-at="2024-06-14T16:59:06 WAT" name="ForgetPasword" description="mot de passe oublié" finished-at="2024-06-14T16:59:24 WAT" duration-ms="17946" status="PASS">
          <reporter-output>
          </reporter-output>
        </test-method> <!-- ForgetPasword -->
        <test-method is-config="true" signature="teardown()[pri:0, instance:com.hackseo.app.testcases.LoginTest@6e01f9b0]" started-at="2024-06-14T16:59:24 WAT" name="teardown" finished-at="2024-06-14T16:59:25 WAT" duration-ms="1372" status="PASS">
          <reporter-output>
          </reporter-output>
        </test-method> <!-- teardown -->
      </class> <!-- com.hackseo.app.testcases.LoginTest -->
      <class name="com.hackseo.app.testcases.AjouterSiteTest">
        <test-method is-config="true" signature="setup()[pri:0, instance:com.hackseo.app.testcases.AjouterSiteTest@a307a8c]" started-at="2024-06-14T16:57:23 WAT" name="setup" finished-at="2024-06-14T16:57:30 WAT" duration-ms="7754" status="PASS">
          <reporter-output>
          </reporter-output>
        </test-method> <!-- setup -->
        <test-method signature="addsite()[pri:0, instance:com.hackseo.app.testcases.AjouterSiteTest@a307a8c]" started-at="2024-06-14T16:57:31 WAT" name="addsite" finished-at="2024-06-14T16:58:32 WAT" duration-ms="60990" status="PASS">
          <reporter-output>
          </reporter-output>
        </test-method> <!-- addsite -->
        <test-method is-config="true" signature="teardown()[pri:0, instance:com.hackseo.app.testcases.AjouterSiteTest@a307a8c]" started-at="2024-06-14T16:58:32 WAT" name="teardown" finished-at="2024-06-14T16:58:33 WAT" duration-ms="1576" status="PASS">
          <reporter-output>
          </reporter-output>
        </test-method> <!-- teardown -->
      </class> <!-- com.hackseo.app.testcases.AjouterSiteTest -->
    </test> <!-- Surefire test -->
  </suite> <!-- Surefire suite -->
</testng-results>
