<?xml version="1.0" encoding="UTF-8"?>
<testng-results ignored="0" total="2" passed="2" failed="0" skipped="0">
  <reporter-output>
  </reporter-output>
  <suite started-at="2024-06-14T09:50:40 WAT" name="Default suite" finished-at="2024-06-14T09:51:08 WAT" duration-ms="28498">
    <groups>
    </groups>
    <test started-at="2024-06-14T09:50:40 WAT" name="Default test" finished-at="2024-06-14T09:51:08 WAT" duration-ms="28498">
      <class name="com.hackseo.app.testcases.LoginTest">
        <test-method is-config="true" signature="setup()[pri:0, instance:com.hackseo.app.testcases.LoginTest@71e9ebae]" started-at="2024-06-14T09:50:40 WAT" name="setup" finished-at="2024-06-14T09:50:44 WAT" duration-ms="4513" status="PASS">
          <reporter-output>
          </reporter-output>
        </test-method> <!-- setup -->
        <test-method signature="ConnecteLoginAvecEmailEtPassword()[pri:0, instance:com.hackseo.app.testcases.LoginTest@71e9ebae]" started-at="2024-06-14T09:50:44 WAT" name="ConnecteLoginAvecEmailEtPassword" description="Connecté avec Login et Mot De Passe" finished-at="2024-06-14T09:50:55 WAT" duration-ms="10127" status="PASS">
          <reporter-output>
          </reporter-output>
        </test-method> <!-- ConnecteLoginAvecEmailEtPassword -->
        <test-method is-config="true" signature="teardown()[pri:0, instance:com.hackseo.app.testcases.LoginTest@71e9ebae]" started-at="2024-06-14T09:50:55 WAT" name="teardown" finished-at="2024-06-14T09:50:57 WAT" duration-ms="1989" status="PASS">
          <reporter-output>
          </reporter-output>
        </test-method> <!-- teardown -->
        <test-method is-config="true" signature="setup()[pri:0, instance:com.hackseo.app.testcases.LoginTest@71e9ebae]" started-at="2024-06-14T09:50:57 WAT" name="setup" finished-at="2024-06-14T09:50:59 WAT" duration-ms="2719" status="PASS">
          <reporter-output>
          </reporter-output>
        </test-method> <!-- setup -->
        <test-method signature="ForgetPasword()[pri:0, instance:com.hackseo.app.testcases.LoginTest@71e9ebae]" started-at="2024-06-14T09:50:59 WAT" name="ForgetPasword" description="mot de passe oublié" finished-at="2024-06-14T09:51:07 WAT" duration-ms="7934" status="PASS">
          <reporter-output>
          </reporter-output>
        </test-method> <!-- ForgetPasword -->
        <test-method is-config="true" signature="teardown()[pri:0, instance:com.hackseo.app.testcases.LoginTest@71e9ebae]" started-at="2024-06-14T09:51:07 WAT" name="teardown" finished-at="2024-06-14T09:51:08 WAT" duration-ms="846" status="PASS">
          <reporter-output>
          </reporter-output>
        </test-method> <!-- teardown -->
      </class> <!-- com.hackseo.app.testcases.LoginTest -->
    </test> <!-- Default test -->
  </suite> <!-- Default suite -->
</testng-results>
